[  0.000000] Initializing cgroup subsys cpuset
[    0.000000] Initializing cgroup subsys cpu
[    0.000000] Initializing cgroup subsys cpuacct
[    0.000000] Linux version 4.4.0-184-generic (buildd@lgw01-amd64-060) (gcc version 5.4.0 20160609 (Ubuntu 5.4.0-6ubuntu1~16.04.12) ) #214-Ubuntu SMP Thu Jun 4 10:14:11 UTC 2020 (Ubuntu 4.4.0-184.214-generic 4.4.223)
[    0.000000] Command line: BOOT_IMAGE=/boot/vmlinuz-4.4.0-184-generic root=LABEL=cloudimg-rootfs ro console=tty1 console=ttyS0
[    0.000000] KERNEL supported cpus:
[    0.000000]   Intel GenuineIntel
[    0.000000]   AMD AuthenticAMD
[    0.000000]   Centaur CentaurHauls
[    0.000000] x86/fpu: xstate_offset[2]:  576, xstate_sizes[2]:  256
[    0.000000] x86/fpu: Supporting XSAVE feature 0x01: 'x87 floating point registers'
[    0.000000] x86/fpu: Supporting XSAVE feature 0x02: 'SSE registers'
[    0.000000] x86/fpu: Supporting XSAVE feature 0x04: 'AVX registers'
[    0.000000] x86/fpu: Enabled xstate features 0x7, context size is 832 bytes, using 'standard' format.
[    0.000000] e820: BIOS-provided physical RAM map:
[    0.000000] BIOS-e820: [mem 0x0000000000000000-0x000000000009fbff] usable
[    0.000000] BIOS-e820: [mem 0x000000000009fc00-0x000000000009ffff] reserved
[    0.000000] BIOS-e820: [mem 0x00000000000f0000-0x00000000000fffff] reserved
[    0.000000] BIOS-e820: [mem 0x0000000000100000-0x000000007ffeffff] usable
[    0.000000] BIOS-e820: [mem 0x000000007fff0000-0x000000007fffffff] ACPI data
[    0.000000] BIOS-e820: [mem 0x00000000fec00000-0x00000000fec00fff] reserved
[    0.000000] BIOS-e820: [mem 0x00000000fee00000-0x00000000fee00fff] reserved
[    0.000000] BIOS-e820: [mem 0x00000000fffc0000-0x00000000ffffffff] reserved
[    0.000000] NX (Execute Disable) protection: active
[    0.000000] SMBIOS 2.5 present.
[    0.000000] Hypervisor detected: KVM
[    0.000000] e820: last_pfn = 0x7fff0 max_arch_pfn = 0x400000000
[    0.000000] MTRR: Disabled
[    0.000000] x86/PAT: MTRRs disabled, skipping PAT initialization too.
[    0.000000] CPU MTRRs all blank - virtualized system.
[    0.000000] x86/PAT: Configuration [0-7]: WB  WT  UC- UC  WB  WT  UC- UC  
[    0.000000] found SMP MP-table at [mem 0x0009fff0-0x0009ffff] mapped at [ffff88000009fff0]
[    0.000000] Scanning 1 areas for low memory corruption
[    0.000000] RAMDISK: [mem 0x362de000-0x37166fff]
[    0.000000] ACPI: Early table checksum verification disabled
[    0.000000] ACPI: RSDP 0x00000000000E0000 000024 (v02 VBOX  )
[    0.000000] ACPI: XSDT 0x000000007FFF0030 00003C (v01 VBOX   VBOXXSDT 00000001 ASL  00000061)
[    0.000000] ACPI: FACP 0x000000007FFF00F0 0000F4 (v04 VBOX   VBOXFACP 00000001 ASL  00000061)
[    0.000000] ACPI: DSDT 0x000000007FFF0470 002325 (v02 VBOX   VBOXBIOS 00000002 INTL 20100528)
[    0.000000] ACPI: FACS 0x000000007FFF0200 000040
[    0.000000] ACPI: FACS 0x000000007FFF0200 000040
[    0.000000] ACPI: APIC 0x000000007FFF0240 00005C (v02 VBOX   VBOXAPIC 00000001 ASL  00000061)
[    0.000000] ACPI: SSDT 0x000000007FFF02A0 0001CC (v01 VBOX   VBOXCPUT 00000002 INTL 20100528)
[    0.000000] No NUMA configuration found
[    0.000000] Faking a node at [mem 0x0000000000000000-0x000000007ffeffff]
[    0.000000] NODE_DATA(0) allocated [mem 0x7ffeb000-0x7ffeffff]
[    0.000000] kvm-clock: Using msrs 4b564d01 and 4b564d00
[    0.000000] kvm-clock: cpu 0, msr 0:7ffe3001, primary cpu clock
[    0.000000] kvm-clock: using sched offset of 7576302758 cycles
[    0.000000] clocksource: kvm-clock: mask: 0xffffffffffffffff max_cycles: 0x1cd42e4dffb, max_idle_ns: 881590591483 ns
[    0.000000] Zone ranges:
[    0.000000]   DMA      [mem 0x0000000000001000-0x0000000000ffffff]
[    0.000000]   DMA32    [mem 0x0000000001000000-0x000000007ffeffff]
[    0.000000]   Normal   empty
[    0.000000]   Device   empty
[    0.000000] Movable zone start for each node
[    0.000000] Early memory node ranges
[    0.000000]   node   0: [mem 0x0000000000001000-0x000000000009efff]
[    0.000000]   node   0: [mem 0x0000000000100000-0x000000007ffeffff]
[    0.000000] Initmem setup node 0 [mem 0x0000000000001000-0x000000007ffeffff]
[    0.000000] ACPI: PM-Timer IO Port: 0x4008
[    0.000000] IOAPIC[0]: apic_id 2, version 32, address 0xfec00000, GSI 0-23
[    0.000000] ACPI: INT_SRC_OVR (bus 0 bus_irq 0 global_irq 2 dfl dfl)
[    0.000000] ACPI: INT_SRC_OVR (bus 0 bus_irq 9 global_irq 9 low level)
[    0.000000] Using ACPI (MADT) for SMP configuration information
[    0.000000] smpboot: Allowing 2 CPUs, 0 hotplug CPUs
[    0.000000] PM: Registered nosave memory: [mem 0x00000000-0x00000fff]
[    0.000000] PM: Registered nosave memory: [mem 0x0009f000-0x0009ffff]
[    0.000000] PM: Registered nosave memory: [mem 0x000a0000-0x000effff]
[    0.000000] PM: Registered nosave memory: [mem 0x000f0000-0x000fffff]
[    0.000000] e820: [mem 0x80000000-0xfebfffff] available for PCI devices
[    0.000000] Booting paravirtualized kernel on KVM
[    0.000000] clocksource: refined-jiffies: mask: 0xffffffff max_cycles: 0xffffffff, max_idle_ns: 7645519600211568 ns
[    0.000000] setup_percpu: NR_CPUS:512 nr_cpumask_bits:512 nr_cpu_ids:2 nr_node_ids:1
[    0.000000] PERCPU: Embedded 33 pages/cpu @ffff88007fc00000 s95448 r8192 d31528 u1048576
[    0.000000] Built 1 zonelists in Node order, mobility grouping on.  Total pages: 515960
[    0.000000] Policy zone: DMA32
[    0.000000] Kernel command line: BOOT_IMAGE=/boot/vmlinuz-4.4.0-184-generic root=LABEL=cloudimg-rootfs ro console=tty1 console=ttyS0
[    0.000000] PID hash table entries: 4096 (order: 3, 32768 bytes)
[    0.000000] Memory: 2029856K/2096696K available (8632K kernel code, 1336K rwdata, 4036K rodata, 1492K init, 1292K bss, 66840K reserved, 0K cma-reserved)
[    0.000000] SLUB: HWalign=64, Order=0-3, MinObjects=0, CPUs=2, Nodes=1
[    0.000000] Kernel/User page tables isolation: enabled
[    0.000000] Hierarchical RCU implementation.
[    0.000000] 	Build-time adjustment of leaf fanout to 64.
[    0.000000] 	RCU restricting CPUs from NR_CPUS=512 to nr_cpu_ids=2.
[    0.000000] RCU: Adjusting geometry for rcu_fanout_leaf=64, nr_cpu_ids=2
[    0.000000] NR_IRQS:33024 nr_irqs:440 16
[    0.000000] Console: colour VGA+ 80x25
[    0.000000] console [tty1] enabled
[    0.000000] console [ttyS0] enabled
[    0.000000] tsc: Detected 2294.770 MHz processor
[    0.334196] Calibrating delay loop (skipped) preset value.. 4589.54 BogoMIPS (lpj=9179080)
[    0.337086] pid_max: default: 32768 minimum: 301
[    0.339400] ACPI: Core revision 20150930
[    0.342485] ACPI: 2 ACPI AML tables successfully acquired and loaded
[    0.346163] Security Framework initialized
[    0.348082] Yama: becoming mindful.
[    0.350335] AppArmor: AppArmor initialized
[    0.355414] Dentry cache hash table entries: 262144 (order: 9, 2097152 bytes)
[    0.358514] Inode-cache hash table entries: 131072 (order: 8, 1048576 bytes)
[    0.362482] Mount-cache hash table entries: 4096 (order: 3, 32768 bytes)
[    0.364464] Mountpoint-cache hash table entries: 4096 (order: 3, 32768 bytes)
[    0.369170] Initializing cgroup subsys io
[    0.371503] Initializing cgroup subsys memory
[    0.373411] Initializing cgroup subsys devices
[    0.375037] Initializing cgroup subsys freezer
[    0.376896] Initializing cgroup subsys net_cls
[    0.378789] Initializing cgroup subsys perf_event
[    0.381147] Initializing cgroup subsys net_prio
[    0.383651] Initializing cgroup subsys hugetlb
[    0.386754] Initializing cgroup subsys pids
[    0.389935] mce: CPU supports 0 MCE banks
[    0.392211] Last level iTLB entries: 4KB 512, 2MB 8, 4MB 8
[    0.394425] Last level dTLB entries: 4KB 512, 2MB 32, 4MB 32, 1GB 0
[    0.396495] Spectre V1 : Mitigation: usercopy/swapgs barriers and __user pointer sanitization
[    0.399319] Spectre V2 : Mitigation: Full generic retpoline
[    0.401255] Spectre V2 : Spectre v2 / SpectreRSB mitigation: Filling RSB on context switch
[    0.403843] Speculative Store Bypass: Vulnerable
[    0.405875] MDS: Mitigation: Clear CPU buffers
[    0.411122] Freeing SMP alternatives memory: 36K
[    0.422212] ftrace: allocating 32319 entries in 127 pages
[    0.512264] smpboot: APIC(0) Converting physical 0 to logical package 0
[    0.514730] smpboot: Max logical packages: 1
[    0.516935] x2apic enabled
[    0.518679] Switched APIC routing to physical x2apic.
[    0.524566] ..TIMER: vector=0x30 apic1=0 pin1=2 apic2=-1 pin2=-1
[    0.635290] smpboot: CPU0: Intel(R) Core(TM) i5-2415M CPU @ 2.30GHz (family: 0x6, model: 0x2a, stepping: 0x7)
[    0.650592] Performance Events: unsupported p6 CPU model 42 no PMU driver, software events only.
[    0.670499] KVM setup paravirtual spinlock
[    0.676695] x86: Booting SMP configuration:
[    0.680016] .... node  #0, CPUs:      #1
[    0.690043] kvm-clock: cpu 1, msr 0:7ffe3041, secondary cpu clock
[    0.692168] mce: CPU supports 0 MCE banks
[    0.696041] x86: Booted up 1 node, 2 CPUs
[    0.698443] smpboot: Total of 2 processors activated (9179.08 BogoMIPS)
[    0.703188] devtmpfs: initialized
[    0.708786] evm: security.selinux
[    0.710350] evm: security.SMACK64
[    0.711582] evm: security.SMACK64EXEC
[    0.713385] evm: security.SMACK64TRANSMUTE
[    0.714850] evm: security.SMACK64MMAP
[    0.716124] evm: security.ima
[    0.717621] evm: security.capability
[    0.721163] clocksource: jiffies: mask: 0xffffffff max_cycles: 0xffffffff, max_idle_ns: 7645041785100000 ns
[    0.725866] futex hash table entries: 512 (order: 3, 32768 bytes)
[    0.728093] pinctrl core: initialized pinctrl subsystem
[    0.729831] RTC time: 11:59:39, date: 07/03/20
[    0.732091] NET: Registered protocol family 16
[    0.743571] cpuidle: using governor ladder
[    0.755747] cpuidle: using governor menu
[    0.757326] PCCT header not found.
[    0.758540] ACPI: bus type PCI registered
[    0.759973] acpiphp: ACPI Hot Plug PCI Controller Driver version: 0.5
[    0.762352] PCI: Using configuration type 1 for base access
[    0.781242] ACPI: Added _OSI(Module Device)
[    0.785301] ACPI: Added _OSI(Processor Device)
[    0.789354] ACPI: Added _OSI(3.0 _SCP Extensions)
[    0.790864] ACPI: Added _OSI(Processor Aggregator Device)
[    0.793751] ACPI: Executed 1 blocks of module-level executable AML code
[    0.798130] ACPI: Interpreter enabled
[    0.799458] ACPI: (supports S0 S5)
[    0.801027] ACPI: Using IOAPIC for interrupt routing
[    0.803647] PCI: Using host bridge windows from ACPI; if necessary, use "pci=nocrs" and report a bug
[    0.813745] ACPI: PCI Root Bridge [PCI0] (domain 0000 [bus 00-ff])
[    0.817171] acpi PNP0A03:00: _OSC: OS supports [ASPM ClockPM Segments MSI]
[    0.823767] acpi PNP0A03:00: _OSC: not requesting OS control; OS requires [ExtendedConfig ASPM ClockPM MSI]
[    0.828286] acpi PNP0A03:00: fail to add MMCONFIG information, can't access extended PCI configuration space under this bridge.
[    0.833824] PCI host bridge to bus 0000:00
[    0.835439] pci_bus 0000:00: root bus resource [io  0x0000-0x0cf7 window]
[    0.838766] pci_bus 0000:00: root bus resource [io  0x0d00-0xffff window]
[    0.841659] pci_bus 0000:00: root bus resource [mem 0x000a0000-0x000bffff window]
[    0.845119] pci_bus 0000:00: root bus resource [mem 0x80000000-0xfdffffff window]
[    0.847503] pci_bus 0000:00: root bus resource [bus 00-ff]
[    0.852912] pci 0000:00:01.1: legacy IDE quirk: reg 0x10: [io  0x01f0-0x01f7]
[    0.856701] pci 0000:00:01.1: legacy IDE quirk: reg 0x14: [io  0x03f6]
[    0.859706] pci 0000:00:01.1: legacy IDE quirk: reg 0x18: [io  0x0170-0x0177]
[    0.861759] pci 0000:00:01.1: legacy IDE quirk: reg 0x1c: [io  0x0376]
[    0.917457] pci 0000:00:07.0: quirk: [io  0x4000-0x403f] claimed by PIIX4 ACPI
[    0.923231] pci 0000:00:07.0: quirk: [io  0x4100-0x410f] claimed by PIIX4 SMB
[    0.957518] ACPI: PCI Interrupt Link [LNKA] (IRQs 5 9 10 *11)
[    0.961204] ACPI: PCI Interrupt Link [LNKB] (IRQs 5 9 *10 11)
[    0.964657] ACPI: PCI Interrupt Link [LNKC] (IRQs 5 *9 10 11)
[    0.968130] ACPI: PCI Interrupt Link [LNKD] (IRQs 5 9 10 *11)
[    0.972775] ACPI: Enabled 2 GPEs in block 00 to 07
[    0.975289] vgaarb: setting as boot device: PCI:0000:00:02.0
[    0.978565] vgaarb: device added: PCI:0000:00:02.0,decodes=io+mem,owns=io+mem,locks=none
[    0.981878] vgaarb: loaded
[    0.983457] vgaarb: bridge control possible 0000:00:02.0
[    0.985344] SCSI subsystem initialized
[    0.988513] ACPI: bus type USB registered
[    0.990949] usbcore: registered new interface driver usbfs
[    0.993744] usbcore: registered new interface driver hub
[    0.996190] usbcore: registered new device driver usb
[    0.999043] PCI: Using ACPI for IRQ routing
[    1.003210] NetLabel: Initializing
[    1.005068] NetLabel:  domain hash size = 128
[    1.008209] NetLabel:  protocols = UNLABELED CIPSOv4
[    1.010703] NetLabel:  unlabeled traffic allowed by default
[    1.013502] amd_nb: Cannot enumerate AMD northbridges
[    1.015919] clocksource: Switched to clocksource kvm-clock
[    1.033042] AppArmor: AppArmor Filesystem Enabled
[    1.035526] pnp: PnP ACPI init
[    1.041234] pnp: PnP ACPI: found 3 devices
[    1.069906] clocksource: acpi_pm: mask: 0xffffff max_cycles: 0xffffff, max_idle_ns: 2085701024 ns
[    1.080688] NET: Registered protocol family 2
[    1.083981] TCP established hash table entries: 16384 (order: 5, 131072 bytes)
[    1.087624] TCP bind hash table entries: 16384 (order: 6, 262144 bytes)
[    1.090825] TCP: Hash tables configured (established 16384 bind 16384)
[    1.092893] UDP hash table entries: 1024 (order: 3, 32768 bytes)
[    1.094639] UDP-Lite hash table entries: 1024 (order: 3, 32768 bytes)
[    1.096629] NET: Registered protocol family 1
[    1.098135] pci 0000:00:00.0: Limiting direct PCI/PCI transfers
[    1.100443] pci 0000:00:01.0: Activating ISA DMA hang workarounds
[    1.102747] Unpacking initramfs...
[    1.467662] Freeing initrd memory: 14884K
[    1.469354] RAPL PMU detected, API unit is 2^-32 Joules, 3 fixed counters 10737418240 ms ovfl timer
[    1.473618] hw unit of domain pp0-core 2^-0 Joules
[    1.475836] hw unit of domain package 2^-0 Joules
[    1.481194] hw unit of domain pp1-gpu 2^-0 Joules
[    1.485835] clocksource: tsc: mask: 0xffffffffffffffff max_cycles: 0x2113e8aa64d, max_idle_ns: 440795233861 ns
[    1.490632] platform rtc_cmos: registered platform RTC device (no PNP device found)
[    1.494952] Scanning for low memory corruption every 60 seconds
[    1.498384] audit: initializing netlink subsys (disabled)
[    1.500704] audit: type=2000 audit(1593777588.397:1): initialized
[    1.504391] Initialise system trusted keyring
[    1.506741] HugeTLB registered 2 MB page size, pre-allocated 0 pages
[    1.510957] zbud: loaded
[    1.512787] VFS: Disk quotas dquot_6.6.0
[    1.514270] VFS: Dquot-cache hash table entries: 512 (order 0, 4096 bytes)
[    1.517435] squashfs: version 4.0 (2009/01/31) Phillip Lougher
[    1.520079] fuse init (API version 7.23)
[    1.523581] Key type big_key registered
[    1.525240] Allocating IMA MOK and blacklist keyrings.
[    1.529371] Key type asymmetric registered
[    1.530707] Asymmetric key parser 'x509' registered
[    1.532771] Block layer SCSI generic (bsg) driver version 0.4 loaded (major 249)
[    1.535734] io scheduler noop registered
[    1.539603] io scheduler deadline registered (default)
[    1.541581] io scheduler cfq registered
[    1.543328] pci_hotplug: PCI Hot Plug PCI Core version: 0.5
[    1.545873] pciehp: PCI Express Hot Plug Controller Driver version: 0.4
[    1.548702] ACPI: AC Adapter [AC] (on-line)
[    1.550198] input: Power Button as /devices/LNXSYSTM:00/LNXPWRBN:00/input/input0
[    1.552849] ACPI: Power Button [PWRF]
[    1.554807] input: Sleep Button as /devices/LNXSYSTM:00/LNXSLPBN:00/input/input1
[    1.558977] ACPI: Sleep Button [SLPF]
[    1.561421] GHES: HEST is not enabled!
[    1.563263] ACPI: Battery Slot [BAT0] (battery present)
[    1.566293] Serial: 8250/16550 driver, 32 ports, IRQ sharing enabled
[    1.589525] 00:02: ttyS0 at I/O 0x3f8 (irq = 4, base_baud = 115200) is a 16550A
[    1.598106] Linux agpgart interface v0.103
[    1.605796] loop: module loaded
[    1.608532] scsi host0: ata_piix
[    1.609942] scsi host1: ata_piix
[    1.611348] ata1: PATA max UDMA/33 cmd 0x1f0 ctl 0x3f6 bmdma 0xd000 irq 14
[    1.614121] ata2: PATA max UDMA/33 cmd 0x170 ctl 0x376 bmdma 0xd008 irq 15
[    1.616955] libphy: Fixed MDIO Bus: probed
[    1.619211] tun: Universal TUN/TAP device driver, 1.6
[    1.622146] tun: (C) 1999-2004 Max Krasnyansky <maxk@qualcomm.com>
[    1.625319] PPP generic driver version 2.4.2
[    1.629070] ehci_hcd: USB 2.0 'Enhanced' Host Controller (EHCI) Driver
[    1.631015] ehci-pci: EHCI PCI platform driver
[    1.632693] ehci-platform: EHCI generic platform driver
[    1.634828] ohci_hcd: USB 1.1 'Open' Host Controller (OHCI) Driver
[    1.637308] ohci-pci: OHCI PCI platform driver
[    1.639489] ohci-platform: OHCI generic platform driver
[    1.642111] uhci_hcd: USB Universal Host Controller Interface driver
[    1.652599] i8042: PNP: PS/2 Controller [PNP0303:PS2K,PNP0f03:PS2M] at 0x60,0x64 irq 1,12
[    1.658171] serio: i8042 KBD port at 0x60,0x64 irq 1
[    1.661692] serio: i8042 AUX port at 0x60,0x64 irq 12
[    1.665534] mousedev: PS/2 mouse device common for all mice
[    1.668544] input: AT Translated Set 2 keyboard as /devices/platform/i8042/serio0/input/input2
[    1.672395] rtc_cmos rtc_cmos: rtc core: registered rtc_cmos as rtc0
[    1.675929] rtc_cmos rtc_cmos: alarms up to one day, 114 bytes nvram
[    1.678887] i2c /dev entries driver
[    1.680186] device-mapper: uevent: version 1.0.3
[    1.682177] device-mapper: ioctl: 4.34.0-ioctl (2015-10-28) initialised: dm-devel@redhat.com
[    1.685052] ledtrig-cpu: registered to indicate activity on CPUs
[    1.688027] NET: Registered protocol family 10
[    1.691001] NET: Registered protocol family 17
[    1.693104] Key type dns_resolver registered
[    1.695727] registered taskstats version 1
[    1.698546] Loading compiled-in X.509 certificates
[    1.701937] Loaded X.509 cert 'Build time autogenerated kernel key: b6ae09eed57f82583ccd3c65c463e852cdd7a0b5'
[    1.707038] zswap: loaded using pool lzo/zbud
[    1.714997] Key type trusted registered
[    1.724516] Key type encrypted registered
[    1.726308] AppArmor: AppArmor sha1 policy hashing enabled
[    1.728703] ima: No TPM chip found, activating TPM-bypass!
[    1.731906] ima: Allocated hash algorithm: sha1
[    1.734023] evm: HMAC attrs: 0x1
[    1.736050]   Magic number: 12:837:983
[    1.738070] rtc_cmos rtc_cmos: setting system clock to 2020-07-03 11:59:40 UTC (1593777580)
[    1.742131] BIOS EDD facility v0.16 2004-Jun-25, 0 devices found
[    1.743903] EDD information not available.
[    1.800911] Freeing unused kernel memory: 1492K
[    1.802799] Write protecting the kernel read-only data: 14336k
[    1.806956] Freeing unused kernel memory: 1596K
[    1.808878] Freeing unused kernel memory: 60K
Loading, please wait...
starting version 229
[    1.833152] random: systemd-udevd: uninitialized urandom read (16 bytes read, 2 bits of entropy available)
[    1.833610] random: udevadm: uninitialized urandom read (16 bytes read, 2 bits of entropy available)
[    1.833645] random: udevadm: uninitialized urandom read (16 bytes read, 2 bits of entropy available)
[    1.848473] random: systemd-udevd: uninitialized urandom read (16 bytes read, 2 bits of entropy available)
[    1.853632] random: systemd-udevd: uninitialized urandom read (16 bytes read, 2 bits of entropy available)
[    1.857145] random: udevadm: uninitialized urandom read (16 bytes read, 2 bits of entropy available)
[    1.857253] random: udevadm: uninitialized urandom read (16 bytes read, 2 bits of entropy available)
[    1.857706] random: udevadm: uninitialized urandom read (16 bytes read, 2 bits of entropy available)
[    1.857867] random: udevadm: uninitialized urandom read (16 bytes read, 2 bits of entropy available)
[    1.858023] random: udevadm: uninitialized urandom read (16 bytes read, 2 bits of entropy available)
[    1.958473] e1000: Intel(R) PRO/1000 Network Driver - version 7.3.21-k8-NAPI
[    1.964414] e1000: Copyright (c) 1999-2006 Intel Corporation.
[    1.969381] Fusion MPT base driver 3.04.20
[    1.970868] Copyright (c) 1999-2008 LSI Corporation
[    1.982058] Fusion MPT SPI Host driver 3.04.20
[    2.017140] AVX version of gcm_enc/dec engaged.
[    2.022271] AES CTR mode by8 optimization enabled
[    2.181901] input: ImExPS/2 Generic Explorer Mouse as /devices/platform/i8042/serio1/input/input4
[    2.465771] e1000 0000:00:03.0 eth0: (PCI:33MHz:32-bit) 02:35:97:08:6b:2a
[    2.473689] e1000 0000:00:03.0 eth0: Intel(R) PRO/1000 Network Connection
[    2.483647] mptbase: ioc0: Initiating bringup
[    2.556418] ioc0: LSI53C1030 A0: Capabilities={Initiator}
[    2.727510] scsi host2: ioc0: LSI53C1030 A0, FwRev=00000000h, Ports=1, MaxQ=256, IRQ=20
[    2.840624] scsi 2:0:0:0: Direct-Access     VBOX     HARDDISK         1.0  PQ: 0 ANSI: 5
[    2.845582] scsi target2:0:0: Beginning Domain Validation
[    2.848734] scsi target2:0:0: Domain Validation skipping write tests
[    2.850582] scsi target2:0:0: Ending Domain Validation
[    2.852542] scsi target2:0:0: asynchronous
[    2.854532] scsi 2:0:1:0: Direct-Access     VBOX     HARDDISK         1.0  PQ: 0 ANSI: 5
[    2.869131] scsi target2:0:1: Beginning Domain Validation
[    2.872275] scsi target2:0:1: Domain Validation skipping write tests
[    2.874277] scsi target2:0:1: Ending Domain Validation
[    2.875838] scsi target2:0:1: asynchronous
[    2.894096] sd 2:0:0:0: Attached scsi generic sg0 type 0
[    2.898019] sd 2:0:1:0: Attached scsi generic sg1 type 0
[    2.900830] sd 2:0:0:0: [sda] 20971520 512-byte logical blocks: (10.7 GB/10.0 GiB)
[    2.904840] sd 2:0:1:0: [sdb] 20480 512-byte logical blocks: (10.5 MB/10.0 MiB)
[    2.908758] sd 2:0:0:0: [sda] Write Protect is off
[    2.911025] sd 2:0:1:0: [sdb] Write Protect is off
[    2.915330] sd 2:0:0:0: [sda] Incomplete mode parameter data
[    2.917422] sd 2:0:0:0: [sda] Assuming drive cache: write through
[    2.920464] sd 2:0:1:0: [sdb] Incomplete mode parameter data
[    2.923256] sd 2:0:1:0: [sdb] Assuming drive cache: write through
[    2.951894]  sda: sda1
[    2.954744] sd 2:0:0:0: [sda] Attached SCSI disk
[    2.957521] sd 2:0:1:0: [sdb] Attached SCSI disk
[    3.346775] e1000 0000:00:08.0 eth1: (PCI:33MHz:32-bit) 08:00:27:b1:a7:84
[    3.349018] e1000 0000:00:08.0 eth1: Intel(R) PRO/1000 Network Connection
[    3.352661] e1000 0000:00:03.0 enp0s3: renamed from eth0
[    3.364907] e1000 0000:00:08.0 enp0s8: renamed from eth1
Begin: Loading essential drivers ... [    4.886937] md: linear personality registered for level -1
[    4.894535] md: multipath personality registered for level -4
[    4.902764] md: raid0 personality registered for level 0
[    4.915109] md: raid1 personality registered for level 1
[    4.992025] raid6: sse2x1   gen()  3597 MB/s
[    5.060520] raid6: sse2x1   xor()  2884 MB/s
[    5.128000] raid6: sse2x2   gen()  5694 MB/s
[    5.196009] raid6: sse2x2   xor()  6036 MB/s
[    5.264013] raid6: sse2x4   gen()  9125 MB/s
[    5.331988] raid6: sse2x4   xor()  7072 MB/s
[    5.333475] raid6: using algorithm sse2x4 gen() 9125 MB/s
[    5.335084] raid6: .... xor() 7072 MB/s, rmw enabled
[    5.336950] raid6: using ssse3x2 recovery algorithm
[    5.341513] xor: automatically using best checksumming function:
[    5.384154]    avx       : 17224.000 MB/sec
[    5.388234] async_tx: api initialized (async)
[    5.405961] md: raid6 personality registered for level 6
[    5.407532] md: raid5 personality registered for level 5
[    5.410418] md: raid4 personality registered for level 4
[    5.424834] md: raid10 personality registered for level 10
done.
Begin: Running /scripts/init-premount ... done.
Begin: Mounting root file system ... Begin: Running /scripts/local-top ... done.
Begin: Running /scripts/local-premount ... [    5.483628] Btrfs loaded
Scanning for Btrfs filesystems
done.
Warning: fsck not present, so skipping root file system
[    5.708584] EXT4-fs (sda1): mounted filesystem with ordered data mode. Opts: (null)
done.
Begin: Running /scripts/local-bottom ... done.
Begin: Running /scripts/init-bottom ... done.
[    6.723541] systemd[1]: systemd 229 running in system mode. (+PAM +AUDIT +SELINUX +IMA +APPARMOR +SMACK +SYSVINIT +UTMP +LIBCRYPTSETUP +GCRYPT +GNUTLS +ACL +XZ -LZ4 +SECCOMP +BLKID +ELFUTILS +KMOD -IDN)
[    6.729595] systemd[1]: Detected virtualization oracle.
[    6.731266] systemd[1]: Detected architecture x86-64.

Welcome to [1mUbuntu 16.04.6 LTS[0m!

[    6.787823] systemd[1]: Set hostname to <ubuntu>.
[    6.824034] random: nonblocking pool is initialized
[    6.849445] systemd[1]: Initializing machine ID from random generator.
[    6.851978] systemd[1]: Installed transient /etc/machine-id file.
[    8.608139] systemd[1]: Listening on Syslog Socket.
[[0;32m  OK  [0m] Listening on Syslog Socket.
[    8.611665] systemd[1]: Listening on Journal Socket (/dev/log).
[[0;32m  OK  [0m] Listening on Journal Socket (/dev/log).
[    8.615523] systemd[1]: Reached target User and Group Name Lookups.
[[0;32m  OK  [0m] Reached target User and Group Name Lookups.
[    8.620325] systemd[1]: Listening on udev Kernel Socket.
[[0;32m  OK  [0m] Listening on udev Kernel Socket.
[    8.624066] systemd[1]: Reached target System Time Synchronized.
[[0;32m  OK  [0m] Reached target System Time Synchronized.
[    8.627504] systemd[1]: Listening on Journal Audit Socket.
[[0;32m  OK  [0m] Listening on Journal Audit Socket.
[    8.630760] systemd[1]: Listening on Device-mapper event daemon FIFOs.
[[0;32m  OK  [0m] Listening on Device-mapper event daemon FIFOs.
[    8.634571] systemd[1]: Listening on LVM2 metadata daemon socket.
[[0;32m  OK  [0m] Listening on LVM2 metadata daemon socket.
[    8.639484] systemd[1]: Started Trigger resolvconf update for networkd DNS.
[[0;32m  OK  [0m] Started Trigger resolvconf update for networkd DNS.
[    8.660938] systemd[1]: Listening on Journal Socket.
[[0;32m  OK  [0m] Listening on Journal Socket.
[    8.665951] systemd[1]: Started Forward Password Requests to Wall Directory Watch.
[[0;32m  OK  [0m] Started Forward Password Requests to Wall Directory Watch.
[    8.673720] systemd[1]: Reached target Swap.
[[0;32m  OK  [0m] Reached target Swap.
[    8.684498] systemd[1]: Reached target Encrypted Volumes.
[[0;32m  OK  [0m] Reached target Encrypted Volumes.
[    8.692329] systemd[1]: Created slice User and Session Slice.
[[0;32m  OK  [0m] Created slice User and Session Slice.
[    8.699001] systemd[1]: Listening on udev Control Socket.
[[0;32m  OK  [0m] Listening on udev Control Socket.
[    8.711795] systemd[1]: Created slice System Slice.
[[0;32m  OK  [0m] Created slice System Slice.
[    8.728278] systemd[1]: Starting Monitoring of LVM2 mirrors, snapshots etc. using dmeventd or progress polling...
         Starting Monitoring of LVM2 mirrors... dmeventd or progress polling...
[    8.744784] systemd[1]: Created slice system-serial\x2dgetty.slice.
[[0;32m  OK  [0m] Created slice system-serial\x2dgetty.slice.
[    8.751602] systemd[1]: Mounting Debug File System...
         Mounting Debug File System...
[    8.758004] systemd[1]: Starting Nameserver information manager...
         Starting Nameserver information manager...
[    8.764722] systemd[1]: Starting Set console keymap...
         Starting Set console keymap...
[    8.770716] systemd[1]: Reached target Slices.
[[0;32m  OK  [0m] Reached target Slices.
[    8.780705] systemd[1]: Starting Create list of required static device nodes for the current kernel...
         Starting Create list of required st... nodes for the current kernel...
[    8.790961] systemd[1]: Starting Journal Service...
         Starting Journal Service...
[    8.856457] systemd[1]: Starting Load Kernel Modules...
         Starting Load Kernel Modules...
[    8.862820] systemd[1]: Mounting POSIX Message Queue File System...
         Mounting POSIX Message Queue File System...
[    8.871102] systemd[1]: Mounting Huge Pages File System...
         Mounting Huge Pages File System...
[    8.882437] systemd[1]: Starting Uncomplicated firewall...
         Starting Uncomplicated firewall...
[    8.895238] systemd[1]: Set up automount Arbitrary Executable File Formats File System Automount Point.
[[0;32m  OK  [0m] Set up automount Arbitrary Executab...ats File System Automount Point.
[    8.914601] systemd[1]: Listening on LVM2 poll daemon socket.
[[0;32m  OK  [0m] Listening on LVM2 poll daemon socket.
[    8.956586] systemd[1]: Starting Remount Root and Kernel File Systems...
         Starting Remount Root and Kernel File Systems...
[    8.967915] Loading iSCSI transport class v2.0-870.
[    8.976300] systemd[1]: Listening on /dev/initctl Compatibility Named Pipe.
[[0;32m  OK  [0m] Listening on /dev/initctl Compatibility Named Pipe.
[    8.989289] systemd[1]: Mounted Debug File System.
[    8.995926] EXT4-fs (sda1): re-mounted. Opts: (null)
[[0;32m  OK  [0m] Mounted Debug File System.
[    8.999354] systemd[1]: Mounted Huge Pages File System.
[[0;32m  OK  [0m] Mounted Huge Pages File System.
[    9.012299] systemd[1]: Mounted POSIX Message Queue File System.
[[0;32m  OK  [0m] Mounted POSIX Message Queue File System.
[    9.029135] iscsi: registered transport (tcp)
[    9.038739] systemd[1]: Started Set console keymap.
[[0;32m  OK  [0m] Started Set console keymap.
[    9.054829] systemd[1]: Started Create list of required static device nodes for the current kernel.
[[0;32m  OK  [0m] Started Create list of required sta...ce nodes for the current kernel.
[    9.065318] systemd[1]: Started Uncomplicated firewall.
[[0;32m  OK  [0m] Started Uncomplicated firewall.
[    9.070061] systemd[1]: Started Remount Root and Kernel File Systems.
[[0;32m  OK  [0m] Started Remount Root and Kernel File Systems.
[    9.084557] systemd[1]: Started Nameserver information manager.
[[0;32m  OK  [0m] Started Nameserver information manager.
[    9.093102] systemd[1]: Started Journal Service.
[[0;32m  OK  [0m] Started Journal Service.
[[0;32m  OK  [0m] Started LVM2 metadata daemon.
         Starting Flush Journal to Persistent Storage...
         Starting udev Coldplug all Devices...
         Starting Load/Save Random Seed...
         Starting Create Static Device Nodes in /dev...
[    9.342882] systemd-journald[378]: Received request to flush runtime journal from PID 1
[[0;32m  OK  [0m] Started Flush Journal to Persistent Storage.
[    9.423434] iscsi: registered transport (iser)
[[0;32m  OK  [0m] Started Load Kernel Modules.
         Starting Apply Kernel Variables...
         Mounting FUSE Control File System...
[[0;32m  OK  [0m] Started Load/Save Random Seed.
[[0;32m  OK  [0m] Mounted FUSE Control File System.
[[0;32m  OK  [0m] Started udev Coldplug all Devices.
[[0;32m  OK  [0m] Started Apply Kernel Variables.
[[0;32m  OK  [0m] Started Create Static Device Nodes in /dev.
         Starting udev Kernel Device Manager...
[[0;32m  OK  [0m] Started Monitoring of LVM2 mirrors,...ng dmeventd or progress polling.
[[0;32m  OK  [0m] Reached target Local File Systems (Pre).
[[0;32m  OK  [0m] Reached target Local File Systems.
         Starting Create Volatile Files and Directories...
         Starting Initial cloud-init job (pre-networking)...
         Starting LSB: AppArmor initialization...
         Starting Set console font and keymap...
         Starting Tell Plymouth To Write Out Runtime Data...
         Starting Commit a transient machine-id on disk...
[[0;32m  OK  [0m] Started Commit a transient machine-id on disk.
[[0;32m  OK  [0m] Started Create Volatile Files and Directories.
         Starting Update UTMP about System Boot/Shutdown...
[[0;32m  OK  [0m] Started Tell Plymouth To Write Out Runtime Data.
[[0;32m  OK  [0m] Started Update UTMP about System Boot/Shutdown.
[[0;32m  OK  [0m] Started udev Kernel Device Manager.
[[0;32m  OK  [0m] Started Dispatch Password Requests to Console Directory Watch.
[[0;32m  OK  [0m] Started Set console font and keymap.
[[0;32m  OK  [0m] Created slice system-getty.slice.
[[0;32m  OK  [0m] Found device /dev/ttyS0.
[[0;32m  OK  [0m] Listening on Load/Save RF Kill Switch Status /dev/rfkill Watch.
[[0;32m  OK  [0m] Started LSB: AppArmor initialization.
[   13.547232] cloud-init[463]: Cloud-init v. 19.4-33-gbb4131a2-0ubuntu1~16.04.1 running 'init-local' at Fri, 03 Jul 2020 11:59:52 +0000. Up 12.98 seconds.
[[0;32m  OK  [0m] Started Initial cloud-init job (pre-networking).
[[0;32m  OK  [0m] Reached target Network (Pre).
         Starting Raise network interfaces...
[[0;32m  OK  [0m] Started Raise network interfaces.
[[0;32m  OK  [0m] Reached target Network.
         Starting Initial cloud-init job (metadata service crawler)...
[   18.071692] cloud-init[953]: Cloud-init v. 19.4-33-gbb4131a2-0ubuntu1~16.04.1 running 'init' at Fri, 03 Jul 2020 11:59:54 +0000. Up 15.59 seconds.
[   18.089850] cloud-init[953]: ci-info: ++++++++++++++++++++++++++++++++++++++Net device info+++++++++++++++++++++++++++++++++++++++
[   18.104548] cloud-init[953]: ci-info: +--------+-------+----------------------------+---------------+--------+-------------------+
[   18.113513] cloud-init[953]: ci-info: | Device |   Up  |          Address           |      Mask     | Scope  |     Hw-Address    |
[   18.120959] cloud-init[953]: ci-info: +--------+-------+----------------------------+---------------+--------+-------------------+
[   18.136854] cloud-init[953]: ci-info: | enp0s3 |  True |         10.0.2.15          | 255.255.255.0 | global | 02:35:97:08:6b:2a |
[   18.142686] cloud-init[953]: ci-info: | enp0s3 |  True | fe80::35:97ff:fe08:6b2a/64 |       .       |  link  | 02:35:97:08:6b:2a |
[   18.152567] cloud-init[953]: ci-info: | enp0s8 | False |             .              |       .       |   .    | 08:00:27:b1:a7:84 |
[   18.161900] cloud-init[953]: ci-info: |   lo   |  True |         127.0.0.1          |   255.0.0.0   |  host  |         .         |
[   18.173124] cloud-init[953]: ci-info: |   lo   |  True |          ::1/128           |       .       |  host  |         .         |
[   18.177390] cloud-init[953]: ci-info: +--------+-------+----------------------------+---------------+--------+-------------------+
[   18.185338] cloud-init[953]: ci-info: +++++++++++++++++++++++++++Route IPv4 info++++++++++++++++++++++++++++
[   18.193245] cloud-init[953]: ci-info: +-------+-------------+----------+---------------+-----------+-------+
[[0;32m  OK  [0m] Started Initial cloud-init job (metadata service crawler).
[   18.220188] cloud-init[953]: ci-info: | Route | Destination | Gateway  |    Genmask    | Interface | Flags |
[   18.242847] cloud-init[953]: ci-info: +-------+-------------+----------+---------------+-----------+-------+
[   18.310742] cloud-init[953]: ci-info: |   0   |   0.0.0.0   | 10.0.2.2 |    0.0.0.0    |   enp0s3  |   UG  |
[   18.311365] cloud-init[953]: ci-info: |   1   |   10.0.2.0  | 0.0.0.0  | 255.255.255.0 |   enp0s3  |   U   |
[   18.311528] cloud-init[953]: ci-info: +-------+-------------+----------+---------------+-----------+-------+
[   18.311678] cloud-init[953]: ci-info: +++++++++++++++++++Route IPv6 info+++++++++++++++++++
[[0;32m  OK  [0m] Reached target Cloud-config availability.
[   18.311826] cloud-init[953]: ci-info: +-------+-------------+---------+-----------+-------+
[   18.311963] cloud-init[953]: ci-info: | Route | Destination | Gateway | Interface | Flags |
[[0;32m  OK  [0m] Reached target System Initialization.
[   18.325001] cloud-init[953]: ci-info: +-------+-------------+---------+-----------+-------+
[[0;32m  OK  [0m] Started Daily Cleanup of Temporary Directories.
[   18.337429] cloud-init[953]: ci-info: |   0   |  fe80::/64  |    ::   |   enp0s3  |   U   |
[   18.343812] cloud-init[953]: ci-info: |   3   |   ff00::/8  |    ::   |   enp0s3  |   U   |
         Starting Socket activation for snappy daemon.
[[0;32m  OK  [0m] Listening on ACPID Listen Socket.
[   18.344419] cloud-init[953]: ci-info: +-------+-------------+---------+-----------+-------+
[   18.363069] cloud-init[953]: Generating public/private rsa key pair.
[   18.365054] cloud-init[953]: Your identification has been saved in /etc/ssh/ssh_host_rsa_key.
[   18.367384] cloud-init[953]: Your public key has been saved in /etc/ssh/ssh_host_rsa_key.pub.
[   18.369924] cloud-init[953]: The key fingerprint is:
[   18.376713] cloud-init[953]: SHA256:IarXMSzv6asJvWK4+tYIZqdlzG9Pem90bUA/jQgljKI root@ubuntu-xenial
         Starting LXD - unix socket.
[   18.377078] cloud-init[953]: The key's randomart image is:
[[0;32m  OK  [0m] Listening on UUID daemon activation socket.
[   18.385419] cloud-init[953]: +---[RSA 2048]----+
[[0;32m  OK  [0m] Started Message of the Day.
[   18.389177] cloud-init[953]: |        o...     |
[   18.402176] cloud-init[953]: |     . . o..     |
[   18.402607] cloud-init[953]: |    . o . o o o  |
[   18.402722] cloud-init[[953]: [0;32m  OK  [0m|   E o . . o + . |] 
Started ACPI Events Check.
[[0;32m  OK  [0m] Reached target Paths.
[[0;32m  OK  [0m] Listening on D-Bus System Message Bus Socket.
[   18.402851] cloud-init[953]: |  o o + S   o .  |
[   18.807897] cloud-init[953]: |.o O + o . . o   |
[   18.808507] cloud-init[953]: |ooBo+ o.. . .    |
[   18.810401] cloud-init[953]: |..=o.*oo .       |
[[0;32m  OK  [0m[   18.816382] cloud-init[953]: |+=..=+Boo.       |
[   18.817099] cloud-init[953]: +----[SHA256]-----+
] Started Daily apt download activities.
[   18.821785] cloud-init[953]: Generating public/private dsa key pair.
[   18.822405] cloud-init[953]: Your identification has been saved in /etc/ssh/ssh_host_dsa_key.
[   18.825597] cloud-init[953]: Your public key has been saved in /etc/ssh/ssh_host_dsa_key.pub.
[   18.828638] cloud-init[953]: The key fingerprint is:
[[   18.832341] cloud-init[953]: SHA256:SP+SK8v8sG0lWbtwHQjgsUu/X9fIZ477jt4lvHf/dvo root@ubuntu-xenial
[   18.834192] cloud-init[953]: The key's randomart image is:
[0;32m  OK  [0m[   18.838204] cloud-init[953]: +---[DSA 1024]----+
[   18.840193] cloud-init[953]: |      o.         |
[   18.842093] cloud-init[953]: |     . o.        |
[   18.844392] cloud-init[953]: |      =  . .     |
] Started Daily apt upgrade and clean activities.[   18.846703] cloud-init[953]: |     o =  o .    |
[   18.853595] cloud-init[953]: |      o So o .   |
[   18.855142] cloud-init[953]: |        +++ .o o |
[   18.856427] cloud-init[953]: |      . +=... * =|

[   18.858787] cloud-init[953]: |     o.+.+.. . X*|
[   18.860847] cloud-init[953]: |      ==+ .  .BOE|
[   18.861242] cloud-init[953]: +----[SHA256]-----+
[[0;32m  OK  [0m[   18.865369] cloud-init[953]: Generating public/private ecdsa key pair.
[   18.866426] cloud-init[953]: Your identification has been saved in /etc/ssh/ssh_host_ecdsa_key.
[   18.869142] cloud-init[953]: Your public key has been saved in /etc/ssh/ssh_host_ecdsa_key.pub.
[   18.873532] cloud-init[953]: The key fingerprint is:
[   18.876829] cloud-init[953]: SHA256:gDM+IDTyihn3PoUiT9wayvNzAiqfMQusLW6wx7byfvg root@ubuntu-xenial
[   18.878119] cloud-init[953]: The key's randomart image is:
[   18.883799] cloud-init[953]: +---[ECDSA 256]---+
[   18.884915] cloud-init[953]: |.o               |
[   18.887012] cloud-init[953]: |o..  .           |
[   18.888474] cloud-init[953]: |o + + .          |
[   18.890109] cloud-init[953]: |.B = + .         |
[   18.891609] cloud-init[953]: |= = * . S        |
[   18.892801] cloud-init[953]: |+* = o           |
[   18.893779] cloud-init[953]: |=**.o            |
] Reached target Timers.
[   18.894332] cloud-init[953]: |B+BB.o           |
[   18.899046] cloud-init[953]: |=XO=E            |
[   18.900668] cloud-init[953]: +----[SHA256]-----+
[   18.901192] cloud-init[953]: Generating public/private ed25519 key pair.
[   18.902532] cloud-init[953]: Your identification has been saved in /etc/ssh/ssh_host_ed25519_key.
[   18.909009] cloud-init[953]: Your public key has been saved in /etc/ssh/ssh_host_ed25519_key.pub.
[   18.910927] cloud-init[953]: The key fingerprint is:
[   18.913418] cloud-init[953]: SHA256:wk56UsDW8az9EbTF5ZZobit7fV9y/GjATAYNGVmINm0 root@ubuntu-xenial
[   18.915711] cloud-init[953]: The key's randomart image is:
[   18.915875] cloud-init[953]: +--[ED25519 256]--+
[   18.922247] cloud-init[953]: |      .  o+Xo..  |
[   18.924644] cloud-init[953]: |   . . ++.Eooo . |
[   18.926122] cloud-init[953]: |    + ..ooo.o +  |
[   18.928106] cloud-init[953]: |   . o o   +o.   |
[   18.929413] cloud-init[953]: |      * S .=o    |
[   18.933891] cloud-init[953]: |     = . . o+. . |
[   18.935276] cloud-init[953]: |    o o   o .o. +|
[   18.936779] cloud-init[953]: |     o     o. o++|
[   18.937877] cloud-init[953]: |          .. ...+|
[   18.939081] cloud-init[953]: +----[SHA256]-----+
[[0;32m  OK  [0m] Reached target Network is Online.
         Starting iSCSI initiator daemon (iscsid)...
[[0;32m  OK  [0m] Listening on Socket activation for snappy daemon.
[[0;32m  OK  [0m] Listening on LXD - unix socket.
[[0;32m  OK  [0m] Reached target Sockets.
[[0;32m  OK  [0m] Reached target Basic System.
         Starting Pollinate to seed the pseudo random number generator...
[[0;32m  OK  [0m] Started Deferred execution scheduler.
         Starting LXD - container startup/shutdown...
         Starting LSB: MD monitoring daemon...
         Starting System Logging Service...
[[0;32m  OK  [0m] Started ACPI event daemon.
[[0;32m  OK  [0m] Started D-Bus System Message Bus.
         Starting Virtualbox guest utils...
         Starting Snappy daemon...
         Starting Accounts Service...
[[0;32m  OK  [0m] Started FUSE filesystem for LXC.
         Starting LSB: Record successful boot for GRUB...
         Starting Login Service...
[[0;32m  OK  [0m] Started Regular background program processing daemon.
         Starting /etc/rc.local Compatibility...
[[0;32m  OK  [0m] Started System Logging Service.
[[0;32m  OK  [0m] Started /etc/rc.local Compatibility.
[[0;32m  OK  [0m] Started Login Service.
[[0;32m  OK  [0m] Started Unattended Upgrades Shutdown.
[[0;32m  OK  [0m] Started LSB: Record successful boot for GRUB.
[[0;32m  OK  [0m] Started iSCSI initiator daemon (iscsid).
         Starting Login to default iSCSI targets...
[[0;32m  OK  [0m] Started LSB: MD monitoring daemon.
[[0;32m  OK  [0m] Started Login to default iSCSI targets.
[[0;32m  OK  [0m] Reached target Remote File Systems (Pre).
[[0;32m  OK  [0m] Reached target Remote File Systems.
         Starting LSB: Set the CPU Frequency Scaling governor to "ondemand"...
         Starting LSB: automatic crash report generation...
         Starting LSB: daemon to balance interrupts for SMP systems...
         Starting Permit User Sessions...
[[0;32m  OK  [0m] Started LSB: Set the CPU Frequency Scaling governor to "ondemand".
[[0;32m  OK  [0m] Started Permit User Sessions.
         Starting Hold until boot process finishes up...
         Starting Terminate Plymouth Boot Screen...
[[0;32m  OK  [0m] Started Hold until boot process finishes up.
[[0;32m  OK  [0m] Started Terminate Plymouth Boot Screen.
[[0;32m  OK  [0m] Started Serial Getty on ttyS0.
         Starting Set console scheme...
[[0;32m  OK  [0m] Started Getty on tty1.
[[0;32m  OK  [0m] Reached target Login Prompts.
[[0;32m  OK  [0m] Started LSB: daemon to balance interrupts for SMP systems.
[[0;32m  OK  [0m] Started Virtualbox guest utils.
[[0;32m  OK  [0m] Started Set console scheme.
[[0;32m  OK  [0m] Started LSB: automatic crash report generation.
         Starting Authenticate and Authorize Users to Run Privileged Tasks...
[[0;32m  OK  [0m] Started Authenticate and Authorize Users to Run Privileged Tasks.
[[0;32m  OK  [0m] Started Accounts Service.
[[0;32m  OK  [0m] Started LXD - container startup/shutdown.
[[0;32m  OK  [0m] Started Snappy daemon.
         Starting Wait until snapd is fully seeded...
[[0;32m  OK  [0m] Started Pollinate to seed the pseudo random number generator.
         Starting OpenBSD Secure Shell server...
[[0;32m  OK  [0m] Started OpenBSD Secure Shell server.

Ubuntu 16.04.6 LTS ubuntu-xenial ttyS0

ubuntu-xenial login: [   29.561950] cloud-init[1393]: Generating locales (this might take a while)...
[   32.114876] cloud-init[1393]:   en_US.UTF-8... done
[   32.115566] cloud-init[1393]: Generation complete.
[   36.064934] cloud-init[1393]: Cloud-init v. 19.4-33-gbb4131a2-0ubuntu1~16.04.1 running 'modules:config' at Fri, 03 Jul 2020 12:00:07 +0000. Up 28.69 seconds.
ci-info: no authorized SSH keys fingerprints found for user ubuntu.
<14>Jul  3 12:00:16 ec2: 
<14>Jul  3 12:00:16 ec2: #############################################################
<14>Jul  3 12:00:16 ec2: -----BEGIN SSH HOST KEY FINGERPRINTS-----
<14>Jul  3 12:00:16 ec2: 1024 SHA256:SP+SK8v8sG0lWbtwHQjgsUu/X9fIZ477jt4lvHf/dvo root@ubuntu-xenial (DSA)
<14>Jul  3 12:00:16 ec2: 256 SHA256:gDM+IDTyihn3PoUiT9wayvNzAiqfMQusLW6wx7byfvg root@ubuntu-xenial (ECDSA)
<14>Jul  3 12:00:16 ec2: 256 SHA256:wk56UsDW8az9EbTF5ZZobit7fV9y/GjATAYNGVmINm0 root@ubuntu-xenial (ED25519)
<14>Jul  3 12:00:16 ec2: 2048 SHA256:IarXMSzv6asJvWK4+tYIZqdlzG9Pem90bUA/jQgljKI root@ubuntu-xenial (RSA)
<14>Jul  3 12:00:16 ec2: -----END SSH HOST KEY FINGERPRINTS-----
<14>Jul  3 12:00:16 ec2: #############################################################
-----BEGIN SSH HOST KEY KEYS-----
ecdsa-sha2-nistp256 AAAAE2VjZHNhLXNoYTItbmlzdHAyNTYAAAAIbmlzdHAyNTYAAABBBHIZz5Fa1uNR8hjkwTslI7zw3dsBzNf7RWNk4nLdKgUgjv+qm4KFyaC2LokbcG1iOXU4LdWKg0EDbN3dIulraMk= root@ubuntu-xenial
ssh-ed25519 AAAAC3NzaC1lZDI1NTE5AAAAIFUELHzd0yRky7Q1wzekZnEyT+qes9HFNuKk0J/fo/Vq root@ubuntu-xenial
ssh-rsa AAAAB3NzaC1yc2EAAAADAQABAAABAQCgEFsy3BbjPRVSqqzfTkslojIWXZypF9M4OG5899y9cBKOMMSEJhWOwYuj15a9RojFSUorqoh/534j8z483tZvX/AxqUMbldXbriPIg3B7I4fa9GJ7FaeJPgf3SDNBbXm7yvrg980S1u5pT7F2vWvxra91S8mMw8ZoOyRwzPyWRHAUMHvT0BNuL2w5MDrg1pO9W/yPU2FNZf1LXWQqyWzlEep5/k6BTw32JdevG5OhIyXt+kEblfkQgWvNhtPFabjRIy5/IKsN86rx20/CDXwII0ufOs9mZ68j0YddD7LkV3+chZ5+lLaViy+e8JrTexQjnYPB0448OagrStUMQP7t root@ubuntu-xenial
-----END SSH HOST KEY KEYS-----
[   37.450396] cloud-init[1583]: Cloud-init v. 19.4-33-gbb4131a2-0ubuntu1~16.04.1 running 'modules:final' at Fri, 03 Jul 2020 12:00:16 +0000. Up 37.10 seconds.
[   37.464825] cloud-init[1583]: ci-info: no authorized SSH keys fingerprints found for user ubuntu.
[   37.472100] cloud-init[1583]: Cloud-init v. 19.4-33-gbb4131a2-0ubuntu1~16.04.1 finished at Fri, 03 Jul 2020 12:00:16 +0000. Datasource DataSourceNoCloud [seed=/dev/sdb][dsmode=net].  Up 37.43 seconds
